<?xml version="1.0" encoding="UTF-8"?>
<!-- Generated by org.testng.reporters.JUnitReportReporter -->
<testsuite hostname="DESKTOP-AGOQQT3" failures="0" tests="3" name="Demo3.Task.Parameterization" time="10.458" errors="0" timestamp="2024-01-22T18:40:15 IST" skipped="0">
  <testcase classname="Demo3.Task.Parameterization" name="logoTest" time="5.110"/>
  <system-out/>
  <testcase classname="Demo3.Task.Parameterization" name="homepageTitle" time="0.011"/>
  <system-out/>
  <testcase classname="Demo3.Task.Parameterization" name="test" time="5.337"/>
  <system-out/>
</testsuite> <!-- Demo3.Task.Parameterization -->
