<?xml version="1.0" encoding="UTF-8"?>
<!-- Generated by org.testng.reporters.JUnitReportReporter -->
<testsuite hostname="DESKTOP-AGOQQT3" failures="0" tests="2" name="Demo3.Task.Assertion" time="5.131" errors="0" timestamp="2024-01-16T18:43:56 IST" skipped="0">
  <testcase classname="Demo3.Task.Assertion" name="logoTest" time="5.119"/>
  <system-out/>
  <testcase classname="Demo3.Task.Assertion" name="homepageTitle" time="0.012"/>
  <system-out/>
</testsuite> <!-- Demo3.Task.Assertion -->
