<?xml version="1.0" encoding="UTF-8"?>
<!-- Generated by org.testng.reporters.JUnitReportReporter -->
<testsuite hostname="DESKTOP-AGOQQT3" failures="0" tests="2" name="Demo3.Task.Grouping" time="0.041" errors="0" timestamp="2024-01-16T17:37:21 IST" skipped="0">
  <testcase classname="Demo3.Task.Grouping" name="test4" time="0.003"/>
  <system-out/>
  <testcase classname="Demo3.Task.Grouping" name="test3" time="0.038"/>
  <system-out/>
</testsuite> <!-- Demo3.Task.Grouping -->
